  FABuffer.cpp
  FACamera.cpp
C:\Users\Work\Desktop\First Game Engine\First-Game-Engine\FA Rendering Engine\Source Files\FACamera.cpp(317,69): warning C4244: 'argument': conversion from 'LONG' to 'float', possible loss of data
C:\Users\Work\Desktop\First Game Engine\First-Game-Engine\FA Rendering Engine\Source Files\FACamera.cpp(317,53): warning C4244: 'argument': conversion from 'LONG' to 'float', possible loss of data
  FAColor.cpp
  FADeviceResources.cpp
  FADirectXException.cpp
  FAMultiSampling.cpp
  FARenderScene.cpp
C:\Users\Work\Desktop\First Game Engine\First-Game-Engine\FA Rendering Engine\Source Files\FARenderScene.cpp(181,88): warning C4267: '=': conversion from 'size_t' to 'UINT', possible loss of data
  FASwapChain.cpp
  FAText.cpp
  FATextResources.cpp
  FATime.cpp
  FAWindow.cpp
  FABox.cpp
  FACone.cpp
C:\Users\Work\Desktop\First Game Engine\First-Game-Engine\FA Shapes\Source Files\FACone.cpp(115,60): warning C4267: 'initializing': conversion from 'size_t' to 'unsigned int', possible loss of data
C:\Users\Work\Desktop\First Game Engine\First-Game-Engine\FA Shapes\Source Files\FACone.cpp(152,45): warning C4267: 'argument': conversion from 'size_t' to 'unsigned int', possible loss of data
C:\Users\Work\Desktop\First Game Engine\First-Game-Engine\FA Shapes\Source Files\FACone.cpp(152,65): warning C4267: 'argument': conversion from 'size_t' to 'unsigned int', possible loss of data
  FACylinder.cpp
C:\Users\Work\Desktop\First Game Engine\First-Game-Engine\FA Shapes\Source Files\FACylinder.cpp(112,65): warning C4267: 'initializing': conversion from 'size_t' to 'unsigned int', possible loss of data
C:\Users\Work\Desktop\First Game Engine\First-Game-Engine\FA Shapes\Source Files\FACylinder.cpp(113,68): warning C4267: 'initializing': conversion from 'size_t' to 'unsigned int', possible loss of data
C:\Users\Work\Desktop\First Game Engine\First-Game-Engine\FA Shapes\Source Files\FACylinder.cpp(158,45): warning C4267: 'argument': conversion from 'size_t' to 'unsigned int', possible loss of data
C:\Users\Work\Desktop\First Game Engine\First-Game-Engine\FA Shapes\Source Files\FACylinder.cpp(158,65): warning C4267: 'argument': conversion from 'size_t' to 'unsigned int', possible loss of data
  FAPyramid.cpp
  FAShapesUtility.cpp
  FASphere.cpp
  FAThreeDimensional.cpp
  FATriangle.cpp
  Compiling...
  InitFunctions.cpp
C:\Users\Work\Desktop\First Game Engine\First-Game-Engine\Display Shapes\InitFunctions.cpp(58,80): warning C4267: 'argument': conversion from 'size_t' to 'int', possible loss of data
C:\Users\Work\Desktop\First Game Engine\First-Game-Engine\Display Shapes\InitFunctions.cpp(58,80): warning C4267: 'argument': conversion from 'size_t' to 'unsigned int', possible loss of data
C:\Users\Work\Desktop\First Game Engine\First-Game-Engine\Display Shapes\InitFunctions.cpp(81,74): warning C4267: 'argument': conversion from 'size_t' to 'unsigned int', possible loss of data
C:\Users\Work\Desktop\First Game Engine\First-Game-Engine\Display Shapes\InitFunctions.cpp(83,127): warning C4267: 'argument': conversion from 'size_t' to 'unsigned int', possible loss of data
C:\Users\Work\Desktop\First Game Engine\First-Game-Engine\Display Shapes\InitFunctions.cpp(91,106): warning C4267: 'argument': conversion from 'size_t' to 'unsigned int', possible loss of data
  main.cpp
  MessageLoopFunctions.cpp
  WindowProcedure.cpp
  Generating code
  Previous IPDB not found, fall back to full compilation.
  All 2961 functions were compiled because no usable IPDB/IOBJ from previous compilation was found.
  Finished generating code
  Display Shapes.vcxproj -> C:\Users\Work\Desktop\First Game Engine\First-Game-Engine\Display Shapes\x64\Release\Display Shapes.exe
