  FABox.cpp
  FACone.cpp
C:\Users\Work\Desktop\First Game Engine\First-Game-Engine\FA Shapes\Source Files\FACone.cpp(115,60): warning C4267: 'initializing': conversion from 'size_t' to 'unsigned int', possible loss of data
  FACylinder.cpp
C:\Users\Work\Desktop\First Game Engine\First-Game-Engine\FA Shapes\Source Files\FACylinder.cpp(112,65): warning C4267: 'initializing': conversion from 'size_t' to 'unsigned int', possible loss of data
C:\Users\Work\Desktop\First Game Engine\First-Game-Engine\FA Shapes\Source Files\FACylinder.cpp(113,68): warning C4267: 'initializing': conversion from 'size_t' to 'unsigned int', possible loss of data
  FAPyramid.cpp
  FASphere.cpp
  FAThreeDimensional.cpp
  InitFunctions.cpp
C:\Users\Work\Desktop\First Game Engine\First-Game-Engine\Display Shapes\InitFunctions.cpp(60,80): warning C4267: 'argument': conversion from 'size_t' to 'int', possible loss of data
C:\Users\Work\Desktop\First Game Engine\First-Game-Engine\Display Shapes\InitFunctions.cpp(60,80): warning C4267: 'argument': conversion from 'size_t' to 'unsigned int', possible loss of data
C:\Users\Work\Desktop\First Game Engine\First-Game-Engine\Display Shapes\InitFunctions.cpp(80,74): warning C4267: 'argument': conversion from 'size_t' to 'unsigned int', possible loss of data
C:\Users\Work\Desktop\First Game Engine\First-Game-Engine\Display Shapes\InitFunctions.cpp(82,127): warning C4267: 'argument': conversion from 'size_t' to 'unsigned int', possible loss of data
C:\Users\Work\Desktop\First Game Engine\First-Game-Engine\Display Shapes\InitFunctions.cpp(90,115): warning C4267: 'argument': conversion from 'size_t' to 'unsigned int', possible loss of data
C:\Users\Work\Desktop\First Game Engine\First-Game-Engine\Display Shapes\InitFunctions.cpp(127,77): warning C4244: 'argument': conversion from 'unsigned int' to 'float', possible loss of data
  MessageLoopFunctions.cpp
  WindowProcedure.cpp
C:\Users\Work\Desktop\First Game Engine\First-Game-Engine\Display Shapes\WindowProcedure.cpp(150,82): warning C4244: 'argument': conversion from 'unsigned int' to 'float', possible loss of data
  main.cpp
  Generating Code...
  Display Shapes.vcxproj -> C:\Users\Work\Desktop\First Game Engine\First-Game-Engine\Display Shapes\x64\Debug\Display Shapes.exe
